#! /c/Source/iverilog-install/bin/vvp
:ivl_version "12.0 (devel)" "(s20150603-1539-g2693dd32b)";
:ivl_delay_selection "TYPICAL";
:vpi_time_precision - 12;
:vpi_module "d:\iverilog\lib\ivl\system.vpi";
:vpi_module "d:\iverilog\lib\ivl\vhdl_sys.vpi";
:vpi_module "d:\iverilog\lib\ivl\vhdl_textio.vpi";
:vpi_module "d:\iverilog\lib\ivl\v2005_math.vpi";
:vpi_module "d:\iverilog\lib\ivl\va_math.vpi";
:vpi_module "d:\iverilog\lib\ivl\v2009.vpi";
S_000001b113b26ef0 .scope package, "$unit" "$unit" 2 1;
 .timescale 0 0;
S_000001b113b27080 .scope module, "tb_mult2c_frac_4bit" "tb_mult2c_frac_4bit" 3 13;
 .timescale -9 -12;
v000001b113ba1c50_0 .var "clk", 0 0;
v000001b113ba2290_0 .net "done", 0 0, v000001b113aabaf0_0;  1 drivers
v000001b113ba1bb0_0 .var "mcand", 3 0;
v000001b113ba2330_0 .var "mplier", 3 0;
v000001b113ba20b0_0 .net "product", 6 0, L_000001b113ba1ed0;  1 drivers
v000001b113ba1cf0_0 .var "st", 0 0;
S_000001b113b3fa40 .scope module, "dut" "mult2c_frac_4bit" 3 31, 4 15 0, S_000001b113b27080;
 .timescale 0 0;
    .port_info 0 /INPUT 1 "clk";
    .port_info 1 /INPUT 1 "st";
    .port_info 2 /INPUT 4 "mplier";
    .port_info 3 /INPUT 4 "mcand";
    .port_info 4 /OUTPUT 7 "product";
    .port_info 5 /OUTPUT 1 "done";
P_000001b113b3fbd0 .param/l "S0_IDLE" 1 4 28, C4<000>;
P_000001b113b3fc08 .param/l "S1_BIT0" 1 4 30, C4<001>;
P_000001b113b3fc40 .param/l "S2_BIT1" 1 4 31, C4<010>;
P_000001b113b3fc78 .param/l "S3_BIT2" 1 4 32, C4<011>;
P_000001b113b3fcb0 .param/l "S4_SIGN" 1 4 34, C4<100>;
P_000001b113b3fce8 .param/l "S5_CLEAR" 1 4 36, C4<101>;
v000001b113aab460_0 .var "A", 3 0;
v000001b113aabdd0_0 .var "B", 3 0;
v000001b113aa6740_0 .net "M", 0 0, L_000001b113ba1890;  1 drivers
v000001b113aa6960_0 .net *"_ivl_3", 2 0, L_000001b113ba1610;  1 drivers
v000001b113b34630_0 .var "addout", 4 0;
v000001b113aa64c0_0 .net "clk", 0 0, v000001b113ba1c50_0;  1 drivers
v000001b113aabaf0_0 .var "done", 0 0;
v000001b113b3fd30_0 .net "mcand", 3 0, v000001b113ba1bb0_0;  1 drivers
v000001b113b3fdd0_0 .net "mplier", 3 0, v000001b113ba2330_0;  1 drivers
v000001b113ba1070_0 .net "product", 6 0, L_000001b113ba1ed0;  alias, 1 drivers
v000001b113ba1110_0 .net "st", 0 0, v000001b113ba1cf0_0;  1 drivers
v000001b113ba11b0_0 .var "state", 2 0;
E_000001b113b31820 .event posedge, v000001b113aa64c0_0;
L_000001b113ba1890 .part v000001b113aabdd0_0, 0, 1;
L_000001b113ba1610 .part v000001b113aab460_0, 0, 3;
L_000001b113ba1ed0 .concat [ 4 3 0 0], v000001b113aabdd0_0, L_000001b113ba1610;
S_000001b113ba1250 .scope autotask, "run_case" "run_case" 3 53, 3 53 0, S_000001b113b27080;
 .timescale -9 -12;
v000001b113ba13e0_0 .var/s "A_signed", 3 0;
v000001b113ba1930_0 .var/s "B_signed", 3 0;
v000001b113ba1f70_0 .var/s "dut_ext", 7 0;
v000001b113ba1570_0 .var "name", 31 0;
v000001b113ba23d0_0 .var/s "ref_product", 7 0;
v000001b113ba1e30_0 .var "t_mcand", 3 0;
v000001b113ba14d0_0 .var "t_mplier", 3 0;
E_000001b113b317a0 .event posedge, v000001b113aabaf0_0;
TD_tb_mult2c_frac_4bit.run_case ;
    %load/vec4 v000001b113ba1e30_0;
    %store/vec4 v000001b113ba1bb0_0, 0, 4;
    %load/vec4 v000001b113ba14d0_0;
    %store/vec4 v000001b113ba2330_0, 0, 4;
    %pushi/vec4 1, 0, 1;
    %assign/vec4 v000001b113ba1cf0_0, 0;
    %wait E_000001b113b31820;
    %pushi/vec4 0, 0, 1;
    %assign/vec4 v000001b113ba1cf0_0, 0;
    %wait E_000001b113b317a0;
    %load/vec4 v000001b113ba1e30_0;
    %store/vec4 v000001b113ba13e0_0, 0, 4;
    %load/vec4 v000001b113ba14d0_0;
    %store/vec4 v000001b113ba1930_0, 0, 4;
    %load/vec4 v000001b113ba13e0_0;
    %pad/s 8;
    %load/vec4 v000001b113ba1930_0;
    %pad/s 8;
    %mul;
    %store/vec4 v000001b113ba23d0_0, 0, 8;
    %load/vec4 v000001b113ba20b0_0;
    %parti/s 1, 6, 4;
    %load/vec4 v000001b113ba20b0_0;
    %concat/vec4; draw_concat_vec4
    %store/vec4 v000001b113ba1f70_0, 0, 8;
    %vpi_call/w 3 91 "$display", "=== Caso %0s ===", v000001b113ba1570_0 {0 0 0};
    %vpi_call/w 3 92 "$display", "  mcand  = %b (signed = %0d)", v000001b113ba1e30_0, v000001b113ba13e0_0 {0 0 0};
    %vpi_call/w 3 93 "$display", "  mplier = %b (signed = %0d)", v000001b113ba14d0_0, v000001b113ba1930_0 {0 0 0};
    %vpi_call/w 3 94 "$display", "  DUT product = %b (signed_ext = %0d)", v000001b113ba20b0_0, v000001b113ba1f70_0 {0 0 0};
    %vpi_call/w 3 95 "$display", "  REF product = %b (signed = %0d)\012", v000001b113ba23d0_0, v000001b113ba23d0_0 {0 0 0};
    %load/vec4 v000001b113ba1f70_0;
    %load/vec4 v000001b113ba23d0_0;
    %cmp/e;
    %jmp/0xz  T_0.0, 6;
    %vpi_call/w 3 99 "$display", "  -> OK: DUT == REF\012" {0 0 0};
    %jmp T_0.1;
T_0.0 ;
    %vpi_call/w 3 101 "$display", "  -> ERRO: DUT != REF\012" {0 0 0};
T_0.1 ;
    %pushi/vec4 2, 0, 32;
T_0.2 %dup/vec4;
    %pushi/vec4 0, 0, 32;
    %cmp/s;
    %jmp/1xz T_0.3, 5;
    %jmp/1 T_0.3, 4;
    %pushi/vec4 1, 0, 32;
    %sub;
    %wait E_000001b113b31820;
    %jmp T_0.2;
T_0.3 ;
    %pop/vec4 1;
    %end;
    .scope S_000001b113b3fa40;
T_1 ;
    %wait E_000001b113b31820;
    %load/vec4 v000001b113ba11b0_0;
    %dup/vec4;
    %pushi/vec4 0, 0, 3;
    %cmp/u;
    %jmp/1 T_1.0, 6;
    %dup/vec4;
    %pushi/vec4 1, 0, 3;
    %cmp/u;
    %jmp/1 T_1.1, 6;
    %dup/vec4;
    %pushi/vec4 2, 0, 3;
    %cmp/u;
    %jmp/1 T_1.2, 6;
    %dup/vec4;
    %pushi/vec4 3, 0, 3;
    %cmp/u;
    %jmp/1 T_1.3, 6;
    %dup/vec4;
    %pushi/vec4 4, 0, 3;
    %cmp/u;
    %jmp/1 T_1.4, 6;
    %dup/vec4;
    %pushi/vec4 5, 0, 3;
    %cmp/u;
    %jmp/1 T_1.5, 6;
    %pushi/vec4 0, 0, 3;
    %assign/vec4 v000001b113ba11b0_0, 0;
    %pushi/vec4 0, 0, 1;
    %assign/vec4 v000001b113aabaf0_0, 0;
    %pushi/vec4 0, 0, 4;
    %assign/vec4 v000001b113aab460_0, 0;
    %pushi/vec4 0, 0, 4;
    %assign/vec4 v000001b113aabdd0_0, 0;
    %jmp T_1.7;
T_1.0 ;
    %pushi/vec4 0, 0, 1;
    %assign/vec4 v000001b113aabaf0_0, 0;
    %load/vec4 v000001b113ba1110_0;
    %flag_set/vec4 8;
    %jmp/0xz  T_1.8, 8;
    %pushi/vec4 0, 0, 4;
    %assign/vec4 v000001b113aab460_0, 0;
    %load/vec4 v000001b113b3fdd0_0;
    %assign/vec4 v000001b113aabdd0_0, 0;
    %pushi/vec4 1, 0, 3;
    %assign/vec4 v000001b113ba11b0_0, 0;
T_1.8 ;
    %jmp T_1.7;
T_1.1 ;
    %load/vec4 v000001b113aa6740_0;
    %flag_set/vec4 8;
    %jmp/0xz  T_1.10, 8;
    %pushi/vec4 0, 0, 1;
    %load/vec4 v000001b113aab460_0;
    %concat/vec4; draw_concat_vec4
    %pushi/vec4 0, 0, 1;
    %load/vec4 v000001b113b3fd30_0;
    %concat/vec4; draw_concat_vec4
    %add;
    %store/vec4 v000001b113b34630_0, 0, 5;
    %load/vec4 v000001b113b3fd30_0;
    %parti/s 1, 3, 3;
    %load/vec4 v000001b113b34630_0;
    %parti/s 3, 1, 2;
    %concat/vec4; draw_concat_vec4
    %assign/vec4 v000001b113aab460_0, 0;
    %load/vec4 v000001b113b34630_0;
    %parti/s 1, 0, 2;
    %load/vec4 v000001b113aabdd0_0;
    %parti/s 3, 1, 2;
    %concat/vec4; draw_concat_vec4
    %assign/vec4 v000001b113aabdd0_0, 0;
    %jmp T_1.11;
T_1.10 ;
    %load/vec4 v000001b113aab460_0;
    %parti/s 1, 3, 3;
    %load/vec4 v000001b113aab460_0;
    %parti/s 3, 1, 2;
    %concat/vec4; draw_concat_vec4
    %assign/vec4 v000001b113aab460_0, 0;
    %load/vec4 v000001b113aab460_0;
    %parti/s 1, 0, 2;
    %load/vec4 v000001b113aabdd0_0;
    %parti/s 3, 1, 2;
    %concat/vec4; draw_concat_vec4
    %assign/vec4 v000001b113aabdd0_0, 0;
T_1.11 ;
    %load/vec4 v000001b113ba11b0_0;
    %addi 1, 0, 3;
    %assign/vec4 v000001b113ba11b0_0, 0;
    %pushi/vec4 0, 0, 1;
    %assign/vec4 v000001b113aabaf0_0, 0;
    %jmp T_1.7;
T_1.2 ;
    %load/vec4 v000001b113aa6740_0;
    %flag_set/vec4 8;
    %jmp/0xz  T_1.12, 8;
    %pushi/vec4 0, 0, 1;
    %load/vec4 v000001b113aab460_0;
    %concat/vec4; draw_concat_vec4
    %pushi/vec4 0, 0, 1;
    %load/vec4 v000001b113b3fd30_0;
    %concat/vec4; draw_concat_vec4
    %add;
    %store/vec4 v000001b113b34630_0, 0, 5;
    %load/vec4 v000001b113b3fd30_0;
    %parti/s 1, 3, 3;
    %load/vec4 v000001b113b34630_0;
    %parti/s 3, 1, 2;
    %concat/vec4; draw_concat_vec4
    %assign/vec4 v000001b113aab460_0, 0;
    %load/vec4 v000001b113b34630_0;
    %parti/s 1, 0, 2;
    %load/vec4 v000001b113aabdd0_0;
    %parti/s 3, 1, 2;
    %concat/vec4; draw_concat_vec4
    %assign/vec4 v000001b113aabdd0_0, 0;
    %jmp T_1.13;
T_1.12 ;
    %load/vec4 v000001b113aab460_0;
    %parti/s 1, 3, 3;
    %load/vec4 v000001b113aab460_0;
    %parti/s 3, 1, 2;
    %concat/vec4; draw_concat_vec4
    %assign/vec4 v000001b113aab460_0, 0;
    %load/vec4 v000001b113aab460_0;
    %parti/s 1, 0, 2;
    %load/vec4 v000001b113aabdd0_0;
    %parti/s 3, 1, 2;
    %concat/vec4; draw_concat_vec4
    %assign/vec4 v000001b113aabdd0_0, 0;
T_1.13 ;
    %load/vec4 v000001b113ba11b0_0;
    %addi 1, 0, 3;
    %assign/vec4 v000001b113ba11b0_0, 0;
    %pushi/vec4 0, 0, 1;
    %assign/vec4 v000001b113aabaf0_0, 0;
    %jmp T_1.7;
T_1.3 ;
    %load/vec4 v000001b113aa6740_0;
    %flag_set/vec4 8;
    %jmp/0xz  T_1.14, 8;
    %pushi/vec4 0, 0, 1;
    %load/vec4 v000001b113aab460_0;
    %concat/vec4; draw_concat_vec4
    %pushi/vec4 0, 0, 1;
    %load/vec4 v000001b113b3fd30_0;
    %concat/vec4; draw_concat_vec4
    %add;
    %store/vec4 v000001b113b34630_0, 0, 5;
    %load/vec4 v000001b113b3fd30_0;
    %parti/s 1, 3, 3;
    %load/vec4 v000001b113b34630_0;
    %parti/s 3, 1, 2;
    %concat/vec4; draw_concat_vec4
    %assign/vec4 v000001b113aab460_0, 0;
    %load/vec4 v000001b113b34630_0;
    %parti/s 1, 0, 2;
    %load/vec4 v000001b113aabdd0_0;
    %parti/s 3, 1, 2;
    %concat/vec4; draw_concat_vec4
    %assign/vec4 v000001b113aabdd0_0, 0;
    %jmp T_1.15;
T_1.14 ;
    %load/vec4 v000001b113aab460_0;
    %parti/s 1, 3, 3;
    %load/vec4 v000001b113aab460_0;
    %parti/s 3, 1, 2;
    %concat/vec4; draw_concat_vec4
    %assign/vec4 v000001b113aab460_0, 0;
    %load/vec4 v000001b113aab460_0;
    %parti/s 1, 0, 2;
    %load/vec4 v000001b113aabdd0_0;
    %parti/s 3, 1, 2;
    %concat/vec4; draw_concat_vec4
    %assign/vec4 v000001b113aabdd0_0, 0;
T_1.15 ;
    %load/vec4 v000001b113ba11b0_0;
    %addi 1, 0, 3;
    %assign/vec4 v000001b113ba11b0_0, 0;
    %pushi/vec4 0, 0, 1;
    %assign/vec4 v000001b113aabaf0_0, 0;
    %jmp T_1.7;
T_1.4 ;
    %load/vec4 v000001b113aa6740_0;
    %flag_set/vec4 8;
    %jmp/0xz  T_1.16, 8;
    %pushi/vec4 0, 0, 1;
    %load/vec4 v000001b113aab460_0;
    %concat/vec4; draw_concat_vec4
    %pushi/vec4 0, 0, 1;
    %load/vec4 v000001b113b3fd30_0;
    %inv;
    %concat/vec4; draw_concat_vec4
    %add;
    %addi 1, 0, 5;
    %store/vec4 v000001b113b34630_0, 0, 5;
    %load/vec4 v000001b113b3fd30_0;
    %parti/s 1, 3, 3;
    %inv;
    %load/vec4 v000001b113b34630_0;
    %parti/s 3, 1, 2;
    %concat/vec4; draw_concat_vec4
    %assign/vec4 v000001b113aab460_0, 0;
    %load/vec4 v000001b113b34630_0;
    %parti/s 1, 0, 2;
    %load/vec4 v000001b113aabdd0_0;
    %parti/s 3, 1, 2;
    %concat/vec4; draw_concat_vec4
    %assign/vec4 v000001b113aabdd0_0, 0;
    %jmp T_1.17;
T_1.16 ;
    %load/vec4 v000001b113aab460_0;
    %parti/s 1, 3, 3;
    %load/vec4 v000001b113aab460_0;
    %parti/s 3, 1, 2;
    %concat/vec4; draw_concat_vec4
    %assign/vec4 v000001b113aab460_0, 0;
    %load/vec4 v000001b113aab460_0;
    %parti/s 1, 0, 2;
    %load/vec4 v000001b113aabdd0_0;
    %parti/s 3, 1, 2;
    %concat/vec4; draw_concat_vec4
    %assign/vec4 v000001b113aabdd0_0, 0;
T_1.17 ;
    %pushi/vec4 5, 0, 3;
    %assign/vec4 v000001b113ba11b0_0, 0;
    %pushi/vec4 1, 0, 1;
    %assign/vec4 v000001b113aabaf0_0, 0;
    %jmp T_1.7;
T_1.5 ;
    %pushi/vec4 0, 0, 1;
    %assign/vec4 v000001b113aabaf0_0, 0;
    %pushi/vec4 0, 0, 3;
    %assign/vec4 v000001b113ba11b0_0, 0;
    %jmp T_1.7;
T_1.7 ;
    %pop/vec4 1;
    %jmp T_1;
    .thread T_1;
    .scope S_000001b113b3fa40;
T_2 ;
    %pushi/vec4 0, 0, 3;
    %store/vec4 v000001b113ba11b0_0, 0, 3;
    %pushi/vec4 0, 0, 1;
    %store/vec4 v000001b113aabaf0_0, 0, 1;
    %pushi/vec4 0, 0, 4;
    %store/vec4 v000001b113aab460_0, 0, 4;
    %pushi/vec4 0, 0, 4;
    %store/vec4 v000001b113aabdd0_0, 0, 4;
    %pushi/vec4 0, 0, 5;
    %store/vec4 v000001b113b34630_0, 0, 5;
    %end;
    .thread T_2;
    .scope S_000001b113b27080;
T_3 ;
    %pushi/vec4 0, 0, 1;
    %store/vec4 v000001b113ba1c50_0, 0, 1;
    %end;
    .thread T_3;
    .scope S_000001b113b27080;
T_4 ;
    %delay 5000, 0;
    %load/vec4 v000001b113ba1c50_0;
    %inv;
    %store/vec4 v000001b113ba1c50_0, 0, 1;
    %jmp T_4;
    .thread T_4;
    .scope S_000001b113b27080;
T_5 ;
    %vpi_call/w 3 113 "$dumpfile", "wave.vcd" {0 0 0};
    %vpi_call/w 3 114 "$dumpvars", 32'sb00000000000000000000000000000000, S_000001b113b27080 {0 0 0};
    %pushi/vec4 0, 0, 1;
    %store/vec4 v000001b113ba1cf0_0, 0, 1;
    %pushi/vec4 0, 0, 4;
    %store/vec4 v000001b113ba1bb0_0, 0, 4;
    %pushi/vec4 0, 0, 4;
    %store/vec4 v000001b113ba2330_0, 0, 4;
    %fork t_1, S_000001b113b27080;
    %fork t_2, S_000001b113b27080;
    %join;
    %join/detach 1;
    %jmp t_0;
t_1 ;
    %delay 12000, 0;
    %alloc S_000001b113ba1250;
    %pushi/vec4 5, 0, 4;
    %store/vec4 v000001b113ba1e30_0, 0, 4;
    %pushi/vec4 5, 0, 4;
    %store/vec4 v000001b113ba14d0_0, 0, 4;
    %pushi/vec4 892287008, 0, 32;
    %store/vec4 v000001b113ba1570_0, 0, 32;
    %fork TD_tb_mult2c_frac_4bit.run_case, S_000001b113ba1250;
    %join;
    %free S_000001b113ba1250;
    %alloc S_000001b113ba1250;
    %pushi/vec4 13, 0, 4;
    %store/vec4 v000001b113ba1e30_0, 0, 4;
    %pushi/vec4 5, 0, 4;
    %store/vec4 v000001b113ba14d0_0, 0, 4;
    %pushi/vec4 892287008, 0, 32;
    %store/vec4 v000001b113ba1570_0, 0, 32;
    %fork TD_tb_mult2c_frac_4bit.run_case, S_000001b113ba1250;
    %join;
    %free S_000001b113ba1250;
    %alloc S_000001b113ba1250;
    %pushi/vec4 5, 0, 4;
    %store/vec4 v000001b113ba1e30_0, 0, 4;
    %pushi/vec4 13, 0, 4;
    %store/vec4 v000001b113ba14d0_0, 0, 4;
    %pushi/vec4 858732576, 0, 32;
    %store/vec4 v000001b113ba1570_0, 0, 32;
    %fork TD_tb_mult2c_frac_4bit.run_case, S_000001b113ba1250;
    %join;
    %free S_000001b113ba1250;
    %alloc S_000001b113ba1250;
    %pushi/vec4 13, 0, 4;
    %store/vec4 v000001b113ba1e30_0, 0, 4;
    %pushi/vec4 13, 0, 4;
    %store/vec4 v000001b113ba14d0_0, 0, 4;
    %pushi/vec4 858732576, 0, 32;
    %store/vec4 v000001b113ba1570_0, 0, 32;
    %fork TD_tb_mult2c_frac_4bit.run_case, S_000001b113ba1250;
    %join;
    %free S_000001b113ba1250;
    %alloc S_000001b113ba1250;
    %pushi/vec4 7, 0, 4;
    %store/vec4 v000001b113ba1e30_0, 0, 4;
    %pushi/vec4 5, 0, 4;
    %store/vec4 v000001b113ba14d0_0, 0, 4;
    %pushi/vec4 892287008, 0, 32;
    %store/vec4 v000001b113ba1570_0, 0, 32;
    %fork TD_tb_mult2c_frac_4bit.run_case, S_000001b113ba1250;
    %join;
    %free S_000001b113ba1250;
    %delay 50000, 0;
    %vpi_call/w 3 147 "$display", "All cases completed." {0 0 0};
    %vpi_call/w 3 148 "$finish" {0 0 0};
    %end;
t_2 ;
    %delay 2000000, 0;
    %vpi_call/w 3 154 "$display", "ERROR: Simulation timed out!" {0 0 0};
    %vpi_call/w 3 155 "$finish" {0 0 0};
    %end;
    .scope S_000001b113b27080;
t_0 ;
    %end;
    .thread T_5;
# The file index is used to find the file name in the following table.
:file_names 5;
    "N/A";
    "<interactive>";
    "-";
    "simula\tb_mult2c_frac_4bit.v";
    "mult2c_frac_4bit.v";
